<?xml version="1.0" encoding="UTF-8"?>
<!-- Generated by org.testng.reporters.JUnitReportReporter -->
<testsuite hostname="ahmads-MacBook-Pro.local" failures="0" tests="1" name="TestCases.HomePageTest" time="10.782" errors="0" timestamp="2020-06-25T16:32:57 EDT" skipped="0">
  <testcase classname="TestCases.HomePageTest" name="navigation_bar" time="10.782"/>
</testsuite> <!-- TestCases.HomePageTest -->
